[12/08/2019 21:39] /reload actions
[21/08/2019 23:00] /reload npcs
[23/08/2019 00:30] /reload npcs
[23/08/2019 00:37] /reload npcs
[23/08/2019 00:38] /reload npcs
[23/08/2019 00:40] /reload npcs
[23/08/2019 00:41] /reload npcs
[23/08/2019 00:47] /reload npcs
[23/08/2019 00:48] /reload npcs
[23/08/2019 00:49] /reload npcs
[23/08/2019 00:51] /reload npcs
[23/08/2019 00:51] /reload npcs
[23/08/2019 00:53] /reload npcs
[23/08/2019 01:08] /reload npcs
[23/08/2019 01:09] /reload npcs
[23/08/2019 01:09] /reload npcs
[23/08/2019 15:51] /reload talkactions
[23/08/2019 15:58] /reload talkactions
[23/08/2019 16:47] /reload talkactions
[23/08/2019 16:48] /reload talkactions
[23/08/2019 16:50] /reload talkactions
[23/08/2019 16:51] /reload talkactions
[23/08/2019 16:52] /reload talkactions
[23/08/2019 16:52] /reload talkactions
[23/08/2019 16:53] /reload talkactions
[23/08/2019 16:53] /reload talkactions
[23/08/2019 16:54] /reload talkactions
[23/08/2019 16:55] /reload talkactions
[23/08/2019 16:56] /reload talkactions
[23/08/2019 16:56] /reload talkactions
[23/08/2019 17:25] /reload talkactions
[23/08/2019 17:26] /reload talkactions
[23/08/2019 17:27] /reload talkactions
[23/08/2019 17:31] /reload outfits
[23/08/2019 17:33] /reload talkactions
[23/08/2019 17:35] /reload talkactions
[23/08/2019 17:38] /reload talkactions
[23/08/2019 18:24] /reload talkactions
[23/08/2019 18:45] /reload talkactions
[23/08/2019 18:46] /reload talkactions
[23/08/2019 18:51] /reload talkactions
[23/08/2019 21:48] /reload actions
[23/08/2019 21:49] /reload actions
[23/08/2019 21:50] /reload actions
[23/08/2019 22:50] /reload actions
[23/08/2019 22:52] /reload actions
[23/08/2019 22:52] /reload actions
[23/08/2019 22:53] /reload actions
[23/08/2019 22:53] /reload actions
[23/08/2019 22:55] /reload actions
[23/08/2019 22:55] /reload actions
[23/08/2019 22:59] /reload actions
[27/08/2019 14:15] /reload actions
[27/08/2019 14:16] /reload actions
[27/08/2019 14:16] /reload actions
[27/08/2019 14:18] /reload actions
[27/08/2019 18:02] /reload creaturescripts
[27/08/2019 18:04] /reload creaturescripts
[29/08/2019 22:06] /reload talkactions
[29/08/2019 22:07] /reload talkactions
[29/08/2019 22:08] /reload talkactions
[29/08/2019 22:17] /reload talkactions
[29/08/2019 22:17] /reload talkactions
[29/08/2019 23:06] /reload talkactions
[02/09/2019 10:42] /reload creaturescript
[02/09/2019 10:45] /reload creaturescript
[02/09/2019 10:45] /reload creaturescript
[02/09/2019 10:46] /reload creaturescript
[02/09/2019 11:11] /reload actions
[02/09/2019 13:09] /reload movements
[02/09/2019 13:38] /reload movements
[02/09/2019 13:39] /reload movements
[02/09/2019 13:41] /reload movements
[02/09/2019 13:46] /reload movements
[02/09/2019 13:47] /reload movements
[02/09/2019 13:48] /reload movements
[02/09/2019 13:50] /reload movements
[02/09/2019 13:54] /reload movements
[02/09/2019 14:00] /reload movements
[04/09/2019 00:56] /reload actions
[04/09/2019 00:57] /reload actions
[04/09/2019 01:04] /reload movements
[04/09/2019 01:04] /reload movements
[04/09/2019 01:05] /reload movements
[04/09/2019 01:16] /reload movements
[07/09/2019 19:26] /reload globalevents
[07/09/2019 19:26] /reload globalevents
[07/09/2019 19:27] /reload globalevents
[07/09/2019 19:29] /reload globalevents
[08/09/2019 18:32] /reload spells
[08/09/2019 18:33] /reload spells
[08/09/2019 18:34] /reload spells
[08/09/2019 18:36] /reload spells
[08/09/2019 18:36] /reload spells
[08/09/2019 18:38] /reload spells
[08/09/2019 18:39] /reload spells
[08/09/2019 18:40] /reload spells
[08/09/2019 18:40] /reload spells
[08/09/2019 18:54] /reload actions
[08/09/2019 18:56] /reload actions
[08/09/2019 19:11] /reload movements
[08/09/2019 19:12] /reload movements
[08/09/2019 19:13] /reload movements
